#-----------------------------------------------------------
# Vivado v2018.3 (64-bit)
# SW Build 2405991 on Thu Dec  6 23:36:41 MST 2018
# IP Build 2404404 on Fri Dec  7 01:43:56 MST 2018
# Start of session at: Tue Apr 19 19:45:20 2022
# Process ID: 161612
# Current directory: /home/ecelrc/students/nroy1/posit
# Command line: vivado
# Log file: /home/ecelrc/students/nroy1/posit/vivado.log
# Journal file: /home/ecelrc/students/nroy1/posit/vivado.jou
#-----------------------------------------------------------
start_gui
open_project /home/ecelrc/students/nroy1/posit/Posit_project/Posit_project.xpr
Scanning sources...
Finished scanning sources
INFO: [IP_Flow 19-234] Refreshing IP repositories
INFO: [IP_Flow 19-1704] No user IP repositories specified
INFO: [IP_Flow 19-2313] Loaded Vivado IP repository '/usr/local/packages/xilinx_2018/vivado_hl/Vivado/2018.3/data/ip'.
open_project: Time (s): cpu = 00:00:19 ; elapsed = 00:00:07 . Memory (MB): peak = 6849.207 ; gain = 210.793 ; free physical = 151750 ; free virtual = 319973
update_compile_order -fileset sources_1
set_property top posit_mult [current_fileset]
update_compile_order -fileset sources_1
set_property top posit_mult_8bit_tb_v [get_filesets sim_2]
set_property top_lib xil_defaultlib [get_filesets sim_2]
update_compile_order -fileset sim_2
reset_run synth_1
